[0m01:42:15.554891 [debug] [MainThread]: Sending event: {'category': 'dbt', 'action': 'invocation', 'label': 'start', 'context': [<snowplow_tracker.self_describing_json.SelfDescribingJson object at 0x000001BB268920C0>, <snowplow_tracker.self_describing_json.SelfDescribingJson object at 0x000001BB241A6180>, <snowplow_tracker.self_describing_json.SelfDescribingJson object at 0x000001BB26D3DC40>]}


============================== 01:42:15.753686 | 79112ce7-2081-460d-af19-8c376ec4d29d ==============================
[0m01:42:15.753686 [info ] [MainThread]: Running with dbt=1.9.0-b2
[0m01:42:15.762382 [debug] [MainThread]: running dbt with arguments {'printer_width': '80', 'indirect_selection': 'eager', 'write_json': 'True', 'log_cache_events': 'False', 'partial_parse': 'True', 'cache_selected_only': 'False', 'warn_error': 'None', 'version_check': 'True', 'profiles_dir': 'C:\\Users\\dell\\.dbt', 'log_path': 'logs', 'debug': 'False', 'fail_fast': 'False', 'use_colors': 'True', 'use_experimental_parser': 'False', 'empty': 'None', 'quiet': 'False', 'no_print': 'None', 'log_format': 'default', 'introspect': 'True', 'static_parser': 'True', 'invocation_command': 'dbt init my_project', 'target_path': 'None', 'warn_error_options': 'WarnErrorOptions(include=[], exclude=[])', 'send_anonymous_usage_stats': 'True'}
[0m01:42:15.999309 [debug] [MainThread]: Starter project path: C:\Users\dell\ethiopia-medical-data-scraper\venv\Lib\site-packages\dbt\include\starter_project
[0m01:42:16.191015 [info ] [MainThread]: 
Your new dbt project "my_project" was created!

For more information on how to configure the profiles.yml file,
please consult the dbt documentation here:

  https://docs.getdbt.com/docs/configure-your-profile

One more thing:

Need help? Don't hesitate to reach out to us via GitHub issues or on Slack:

  https://community.getdbt.com/

Happy modeling!

[0m01:42:16.197051 [info ] [MainThread]: Setting up your profile.
[0m01:54:12.177772 [info ] [MainThread]: Profile my_project written to C:\Users\dell\.dbt\profiles.yml using target's profile_template.yml and your supplied values. Run 'dbt debug' to validate the connection.
[0m01:54:12.183249 [debug] [MainThread]: Command `dbt init` succeeded at 01:54:12.182252 after 717.84 seconds
[0m01:54:12.184513 [debug] [MainThread]: Sending event: {'category': 'dbt', 'action': 'invocation', 'label': 'end', 'context': [<snowplow_tracker.self_describing_json.SelfDescribingJson object at 0x000001BB2788D670>, <snowplow_tracker.self_describing_json.SelfDescribingJson object at 0x000001BB27589460>, <snowplow_tracker.self_describing_json.SelfDescribingJson object at 0x000001BB2758BDD0>]}
[0m01:54:12.186680 [debug] [MainThread]: Flushing usage events
[0m01:54:14.580789 [debug] [MainThread]: An error was encountered while trying to flush usage events
[0m01:55:04.840903 [debug] [MainThread]: Sending event: {'category': 'dbt', 'action': 'invocation', 'label': 'start', 'context': [<snowplow_tracker.self_describing_json.SelfDescribingJson object at 0x0000025841439DF0>, <snowplow_tracker.self_describing_json.SelfDescribingJson object at 0x000002583EE5E450>, <snowplow_tracker.self_describing_json.SelfDescribingJson object at 0x000002583ED903B0>]}


============================== 01:55:04.850543 | a817bcb3-ad5d-4c78-9f5e-da5a63861be0 ==============================
[0m01:55:04.850543 [info ] [MainThread]: Running with dbt=1.9.0-b2
[0m01:55:04.853330 [debug] [MainThread]: running dbt with arguments {'printer_width': '80', 'indirect_selection': 'eager', 'write_json': 'True', 'log_cache_events': 'False', 'partial_parse': 'True', 'cache_selected_only': 'False', 'profiles_dir': 'C:\\Users\\dell\\.dbt', 'fail_fast': 'False', 'debug': 'False', 'log_path': 'logs', 'version_check': 'True', 'warn_error': 'None', 'use_colors': 'True', 'use_experimental_parser': 'False', 'no_print': 'None', 'quiet': 'False', 'empty': 'False', 'log_format': 'default', 'static_parser': 'True', 'warn_error_options': 'WarnErrorOptions(include=[], exclude=[])', 'introspect': 'True', 'target_path': 'None', 'invocation_command': 'dbt run', 'send_anonymous_usage_stats': 'True'}
[0m01:55:04.855610 [error] [MainThread]: Encountered an error:
Runtime Error
  No dbt_project.yml found at expected path C:\Users\dell\ethiopia-medical-data-scraper\dbt_project.yml
  Verify that each entry within packages.yml (and their transitive dependencies) contains a file named dbt_project.yml
  
[0m01:55:04.863439 [debug] [MainThread]: Command `dbt run` failed at 01:55:04.862439 after 0.43 seconds
[0m01:55:04.864613 [debug] [MainThread]: Sending event: {'category': 'dbt', 'action': 'invocation', 'label': 'end', 'context': [<snowplow_tracker.self_describing_json.SelfDescribingJson object at 0x0000025841803830>, <snowplow_tracker.self_describing_json.SelfDescribingJson object at 0x00000258420D87A0>, <snowplow_tracker.self_describing_json.SelfDescribingJson object at 0x000002583FA1CEF0>]}
[0m01:55:04.867604 [debug] [MainThread]: Flushing usage events
[0m01:55:06.081261 [debug] [MainThread]: An error was encountered while trying to flush usage events
[0m01:56:30.549093 [debug] [MainThread]: Sending event: {'category': 'dbt', 'action': 'invocation', 'label': 'start', 'context': [<snowplow_tracker.self_describing_json.SelfDescribingJson object at 0x000002F048B72240>, <snowplow_tracker.self_describing_json.SelfDescribingJson object at 0x000002F046394290>, <snowplow_tracker.self_describing_json.SelfDescribingJson object at 0x000002F048F6BB60>]}


============================== 01:56:30.558951 | 83aae1e9-498f-40b3-b781-84a359dd065b ==============================
[0m01:56:30.558951 [info ] [MainThread]: Running with dbt=1.9.0-b2
[0m01:56:30.560882 [debug] [MainThread]: running dbt with arguments {'printer_width': '80', 'indirect_selection': 'eager', 'write_json': 'True', 'log_cache_events': 'False', 'partial_parse': 'True', 'cache_selected_only': 'False', 'profiles_dir': 'C:\\Users\\dell\\.dbt', 'fail_fast': 'False', 'version_check': 'True', 'log_path': 'logs', 'debug': 'False', 'warn_error': 'None', 'use_colors': 'True', 'use_experimental_parser': 'False', 'empty': 'False', 'quiet': 'False', 'no_print': 'None', 'log_format': 'default', 'invocation_command': 'dbt run', 'introspect': 'True', 'static_parser': 'True', 'target_path': 'None', 'warn_error_options': 'WarnErrorOptions(include=[], exclude=[])', 'send_anonymous_usage_stats': 'True'}
[0m01:56:30.563074 [error] [MainThread]: Encountered an error:
Runtime Error
  No dbt_project.yml found at expected path C:\Users\dell\ethiopia-medical-data-scraper\dbt_project.yml
  Verify that each entry within packages.yml (and their transitive dependencies) contains a file named dbt_project.yml
  
[0m01:56:30.570781 [debug] [MainThread]: Command `dbt run` failed at 01:56:30.569784 after 0.35 seconds
[0m01:56:30.572779 [debug] [MainThread]: Sending event: {'category': 'dbt', 'action': 'invocation', 'label': 'end', 'context': [<snowplow_tracker.self_describing_json.SelfDescribingJson object at 0x000002F04996A9F0>, <snowplow_tracker.self_describing_json.SelfDescribingJson object at 0x000002F04996A360>, <snowplow_tracker.self_describing_json.SelfDescribingJson object at 0x000002F0495A8200>]}
[0m01:56:30.575427 [debug] [MainThread]: Flushing usage events
[0m01:56:32.309547 [debug] [MainThread]: An error was encountered while trying to flush usage events
